c:\users\user\desktop\new9bit\dark\projects\champions\build\x64\dist\vc143.pdb
c:\users\user\desktop\new9bit\dark\projects\champions\build\x64\dist\varus.obj
c:\users\user\desktop\new9bit\dark\projects\champions\build\x64\dist\sivir.obj
c:\users\user\desktop\new9bit\dark\projects\champions\build\x64\dist\seraphine.obj
c:\users\user\desktop\new9bit\dark\projects\champions\build\x64\dist\main.obj
c:\users\user\desktop\new9bit\dark\projects\champions\build\x64\dist\katarina.obj
c:\users\user\desktop\new9bit\dark\projects\champions\build\x64\dist\ezreal.obj
c:\users\user\desktop\new9bit\dark\projects\champions\build\x64\dist\draven.obj
c:\users\user\desktop\new9bit\dark\projects\champions\build\x64\dist\amumu.obj
c:\users\user\desktop\new9bit\dark\projects\champions\build\x64\dist\aatrox.obj
c:\users\user\desktop\new9bit\dark\projects\champions\build\x64\dist\jinx.obj
c:\users\user\desktop\new9bit\dark\projects\champions\build\x64\dist\champions.ipdb
c:\users\user\desktop\new9bit\dark\projects\champions\build\x64\dist\champions.iobj
c:\users\user\appdata\roaming\d5dagavyow\plugins\champions.pdb
c:\users\user\appdata\roaming\d5dagavyow\plugins\champions.lib
c:\users\user\appdata\roaming\d5dagavyow\plugins\champions.exp
c:\users\user\desktop\new9bit\dark\projects\champions\build\x64\dist\champions.tlog\cl.command.1.tlog
c:\users\user\desktop\new9bit\dark\projects\champions\build\x64\dist\champions.tlog\cl.items.tlog
c:\users\user\desktop\new9bit\dark\projects\champions\build\x64\dist\champions.tlog\cl.read.1.tlog
c:\users\user\desktop\new9bit\dark\projects\champions\build\x64\dist\champions.tlog\cl.write.1.tlog
c:\users\user\desktop\new9bit\dark\projects\champions\build\x64\dist\champions.tlog\link.command.1.tlog
c:\users\user\desktop\new9bit\dark\projects\champions\build\x64\dist\champions.tlog\link.read.1.tlog
c:\users\user\desktop\new9bit\dark\projects\champions\build\x64\dist\champions.tlog\link.write.1.tlog
c:\users\user\desktop\new9bit\dark\projects\champions\build\x64\dist\champions.tlog\link.write.2u.tlog
